<?xml version="1.0" encoding="UTF-8"?>
<testsuites name="SQL-Server-Stored-Procedures" tests="1" time="0.554">
  <testsuite name="sql-server-sp-expiredcards" id="38a62a45-a8c6-400c-8b59-51241cf2d383" timestamp="2020-07-16T10:36:30.072Z" tests="2" failures="0" errors="0" time="0.554">
    <testcase name="Successful GET request" time="0.554" classname="SqlServerStoredProcedures"/>
    <testcase name="Assert by values" time="0.554" classname="SqlServerStoredProcedures"/>
  </testsuite>
</testsuites>